2023-07-09 13:50:40 INFO  Log:17 - **********************************************
2023-07-09 13:50:40 INFO  Log:18 - **********************************************
2023-07-09 13:50:40 INFO  Log:19 - ################### My first test case is Login test ####################
2023-07-09 13:50:40 INFO  Log:20 - **********************************************
2023-07-09 13:50:40 INFO  Log:21 - **********************************************
2023-07-09 13:50:40 INFO  Log:35 - My login test is going on
2023-07-09 13:50:40 INFO  Log:39 - My test case might be failed
2023-07-09 13:50:42 INFO  Log:35 - My test case is about to complete
2023-07-09 13:50:42 INFO  Log:25 - ###############################################
2023-07-09 13:50:42 INFO  Log:26 - ###############################################
2023-07-09 13:50:42 INFO  Log:27 - ################### This is my login test again ####################
2023-07-09 13:50:42 INFO  Log:28 - ###############################################
2023-07-09 13:50:42 INFO  Log:29 - ###############################################
2023-07-09 13:53:41 INFO  Log:17 - **********************************************
2023-07-09 13:53:41 INFO  Log:18 - **********************************************
2023-07-09 13:53:41 INFO  Log:19 - ################### My first test case is Login test ####################
2023-07-09 13:53:41 INFO  Log:20 - **********************************************
2023-07-09 13:53:41 INFO  Log:21 - **********************************************
2023-07-09 13:53:41 INFO  Log:35 - My login test is going on
2023-07-09 13:53:41 INFO  Log:39 - My test case might be failed
2023-07-09 13:53:44 INFO  Log:35 - My test case is about to complete
2023-07-09 13:53:44 INFO  Log:25 - ###############################################
2023-07-09 13:53:44 INFO  Log:26 - ###############################################
2023-07-09 13:53:44 INFO  Log:27 - ################### This is my login test again ####################
2023-07-09 13:53:44 INFO  Log:28 - ###############################################
2023-07-09 13:53:44 INFO  Log:29 - ###############################################
2023-07-09 15:41:20 INFO  Log:17 - **********************************************
2023-07-09 15:41:20 INFO  Log:18 - **********************************************
2023-07-09 15:41:20 INFO  Log:19 - ################### My first test case is Login test ####################
2023-07-09 15:41:20 INFO  Log:20 - **********************************************
2023-07-09 15:41:20 INFO  Log:21 - **********************************************
2023-07-09 15:41:20 INFO  Log:35 - My login test is going on
2023-07-09 15:41:20 INFO  Log:39 - My test case might be failed
2023-07-09 15:41:23 INFO  Log:35 - My test case is about to complete
2023-07-09 15:41:23 INFO  Log:25 - ###############################################
2023-07-09 15:41:23 INFO  Log:26 - ###############################################
2023-07-09 15:41:23 INFO  Log:27 - ################### This is my login test again ####################
2023-07-09 15:41:23 INFO  Log:28 - ###############################################
2023-07-09 15:41:23 INFO  Log:29 - ###############################################
2023-07-09 15:43:49 INFO  Log:17 - **********************************************
2023-07-09 15:43:49 INFO  Log:18 - **********************************************
2023-07-09 15:43:49 INFO  Log:19 - ################### My first test case is Login test ####################
2023-07-09 15:43:49 INFO  Log:20 - **********************************************
2023-07-09 15:43:49 INFO  Log:21 - **********************************************
2023-07-09 15:43:49 INFO  Log:35 - My login test is going on
2023-07-09 15:43:49 INFO  Log:39 - My test case might be failed
2023-07-09 15:43:51 INFO  Log:35 - My test case is about to complete
2023-07-09 15:43:51 INFO  Log:25 - ###############################################
2023-07-09 15:43:51 INFO  Log:26 - ###############################################
2023-07-09 15:43:51 INFO  Log:27 - ################### This is my login test again ####################
2023-07-09 15:43:51 INFO  Log:28 - ###############################################
2023-07-09 15:43:51 INFO  Log:29 - ###############################################
2023-07-09 18:10:50 INFO  Log:17 - **********************************************
2023-07-09 18:10:50 INFO  Log:18 - **********************************************
2023-07-09 18:10:50 INFO  Log:19 - ################### My first test case is Login test ####################
2023-07-09 18:10:50 INFO  Log:20 - **********************************************
2023-07-09 18:10:50 INFO  Log:21 - **********************************************
2023-07-09 18:10:50 INFO  Log:35 - My login test is going on
2023-07-09 18:10:50 INFO  Log:39 - My test case might be failed
2023-07-09 18:10:52 INFO  Log:35 - My test case is about to complete
2023-07-09 18:10:52 INFO  Log:25 - ###############################################
2023-07-09 18:10:52 INFO  Log:26 - ###############################################
2023-07-09 18:10:52 INFO  Log:27 - ################### This is my login test again ####################
2023-07-09 18:10:52 INFO  Log:28 - ###############################################
2023-07-09 18:10:52 INFO  Log:29 - ###############################################
2023-07-09 20:52:58 INFO  Log:17 - **********************************************
2023-07-09 20:52:58 INFO  Log:18 - **********************************************
2023-07-09 20:52:58 INFO  Log:19 - ################### My first test case is Login test ####################
2023-07-09 20:52:58 INFO  Log:20 - **********************************************
2023-07-09 20:52:58 INFO  Log:21 - **********************************************
2023-07-09 20:52:58 INFO  Log:35 - My login test is going on
2023-07-09 20:52:58 INFO  Log:39 - My test case might be failed
2023-07-09 20:53:00 INFO  Log:35 - My test case is about to complete
2023-07-09 20:53:00 INFO  Log:25 - ###############################################
2023-07-09 20:53:00 INFO  Log:26 - ###############################################
2023-07-09 20:53:00 INFO  Log:27 - ################### This is my login test again ####################
2023-07-09 20:53:00 INFO  Log:28 - ###############################################
2023-07-09 20:53:00 INFO  Log:29 - ###############################################
2023-07-09 20:54:40 INFO  Log:17 - **********************************************
2023-07-09 20:54:40 INFO  Log:18 - **********************************************
2023-07-09 20:54:40 INFO  Log:19 - ################### My first test case is Login test ####################
2023-07-09 20:54:40 INFO  Log:20 - **********************************************
2023-07-09 20:54:40 INFO  Log:21 - **********************************************
2023-07-09 20:54:40 INFO  Log:35 - My login test is going on
2023-07-09 20:54:40 INFO  Log:39 - My test case might be failed
2023-07-09 20:54:43 INFO  Log:35 - My test case is about to complete
2023-07-09 20:54:43 INFO  Log:25 - ###############################################
2023-07-09 20:54:43 INFO  Log:26 - ###############################################
2023-07-09 20:54:43 INFO  Log:27 - ################### This is my login test again ####################
2023-07-09 20:54:43 INFO  Log:28 - ###############################################
2023-07-09 20:54:43 INFO  Log:29 - ###############################################
2023-07-09 20:56:03 INFO  Log:17 - **********************************************
2023-07-09 20:56:03 INFO  Log:18 - **********************************************
2023-07-09 20:56:03 INFO  Log:19 - ################### My first test case is Login test ####################
2023-07-09 20:56:03 INFO  Log:20 - **********************************************
2023-07-09 20:56:03 INFO  Log:21 - **********************************************
2023-07-09 20:56:03 INFO  Log:35 - My login test is going on
2023-07-09 20:56:03 INFO  Log:39 - My test case might be failed
2023-07-09 20:56:05 INFO  Log:35 - My test case is about to complete
2023-07-09 20:56:05 INFO  Log:25 - ###############################################
2023-07-09 20:56:05 INFO  Log:26 - ###############################################
2023-07-09 20:56:05 INFO  Log:27 - ################### This is my login test again ####################
2023-07-09 20:56:05 INFO  Log:28 - ###############################################
2023-07-09 20:56:05 INFO  Log:29 - ###############################################
2023-07-09 20:58:21 INFO  Log:17 - **********************************************
2023-07-09 20:58:21 INFO  Log:18 - **********************************************
2023-07-09 20:58:21 INFO  Log:19 - ################### My first test case is Login test ####################
2023-07-09 20:58:21 INFO  Log:20 - **********************************************
2023-07-09 20:58:21 INFO  Log:21 - **********************************************
2023-07-09 20:58:21 INFO  Log:35 - My login test is going on
2023-07-09 20:58:21 INFO  Log:39 - My test case might be failed
2023-07-09 20:58:36 INFO  Log:35 - My test case is about to complete
2023-07-09 20:58:36 INFO  Log:25 - ###############################################
2023-07-09 20:58:36 INFO  Log:26 - ###############################################
2023-07-09 20:58:36 INFO  Log:27 - ################### This is my login test again ####################
2023-07-09 20:58:36 INFO  Log:28 - ###############################################
2023-07-09 20:58:36 INFO  Log:29 - ###############################################
2023-07-09 20:58:39 INFO  Log:17 - **********************************************
2023-07-09 20:58:39 INFO  Log:18 - **********************************************
2023-07-09 20:58:39 INFO  Log:19 - ################### My first test case is Login test ####################
2023-07-09 20:58:39 INFO  Log:20 - **********************************************
2023-07-09 20:58:39 INFO  Log:21 - **********************************************
2023-07-09 20:58:39 INFO  Log:35 - My login test is going on
2023-07-09 20:58:39 INFO  Log:39 - My test case might be failed
2023-07-09 20:58:54 INFO  Log:35 - My test case is about to complete
2023-07-09 20:58:54 INFO  Log:25 - ###############################################
2023-07-09 20:58:54 INFO  Log:26 - ###############################################
2023-07-09 20:58:54 INFO  Log:27 - ################### This is my login test again ####################
2023-07-09 20:58:54 INFO  Log:28 - ###############################################
2023-07-09 20:58:54 INFO  Log:29 - ###############################################
2023-07-09 20:58:57 INFO  Log:17 - **********************************************
2023-07-09 20:58:57 INFO  Log:18 - **********************************************
2023-07-09 20:58:57 INFO  Log:19 - ################### My first test case is Login test ####################
2023-07-09 20:58:57 INFO  Log:20 - **********************************************
2023-07-09 20:58:57 INFO  Log:21 - **********************************************
2023-07-09 20:58:57 INFO  Log:35 - My login test is going on
2023-07-09 20:58:57 INFO  Log:39 - My test case might be failed
2023-07-09 20:59:12 INFO  Log:35 - My test case is about to complete
2023-07-09 20:59:12 INFO  Log:25 - ###############################################
2023-07-09 20:59:12 INFO  Log:26 - ###############################################
2023-07-09 20:59:12 INFO  Log:27 - ################### This is my login test again ####################
2023-07-09 20:59:12 INFO  Log:28 - ###############################################
2023-07-09 20:59:12 INFO  Log:29 - ###############################################
2023-07-09 20:59:14 INFO  Log:17 - **********************************************
2023-07-09 20:59:14 INFO  Log:18 - **********************************************
2023-07-09 20:59:14 INFO  Log:19 - ################### My first test case is Login test ####################
2023-07-09 20:59:14 INFO  Log:20 - **********************************************
2023-07-09 20:59:14 INFO  Log:21 - **********************************************
2023-07-09 20:59:14 INFO  Log:35 - My login test is going on
2023-07-09 20:59:14 INFO  Log:39 - My test case might be failed
2023-07-09 20:59:29 INFO  Log:35 - My test case is about to complete
2023-07-09 20:59:29 INFO  Log:25 - ###############################################
2023-07-09 20:59:29 INFO  Log:26 - ###############################################
2023-07-09 20:59:29 INFO  Log:27 - ################### This is my login test again ####################
2023-07-09 20:59:29 INFO  Log:28 - ###############################################
2023-07-09 20:59:29 INFO  Log:29 - ###############################################
2023-07-09 20:59:31 INFO  Log:17 - **********************************************
2023-07-09 20:59:31 INFO  Log:18 - **********************************************
2023-07-09 20:59:31 INFO  Log:19 - ################### My first test case is Login test ####################
2023-07-09 20:59:31 INFO  Log:20 - **********************************************
2023-07-09 20:59:31 INFO  Log:21 - **********************************************
2023-07-09 20:59:31 INFO  Log:35 - My login test is going on
2023-07-09 20:59:31 INFO  Log:39 - My test case might be failed
2023-07-09 20:59:46 INFO  Log:35 - My test case is about to complete
2023-07-09 20:59:46 INFO  Log:25 - ###############################################
2023-07-09 20:59:46 INFO  Log:26 - ###############################################
2023-07-09 20:59:46 INFO  Log:27 - ################### This is my login test again ####################
2023-07-09 20:59:46 INFO  Log:28 - ###############################################
2023-07-09 20:59:46 INFO  Log:29 - ###############################################
2023-07-09 20:59:48 INFO  Log:17 - **********************************************
2023-07-09 20:59:48 INFO  Log:18 - **********************************************
2023-07-09 20:59:48 INFO  Log:19 - ################### My first test case is Login test ####################
2023-07-09 20:59:48 INFO  Log:20 - **********************************************
2023-07-09 20:59:48 INFO  Log:21 - **********************************************
2023-07-09 20:59:48 INFO  Log:35 - My login test is going on
2023-07-09 20:59:48 INFO  Log:39 - My test case might be failed
2023-07-09 21:00:22 INFO  Log:35 - My test case is about to complete
2023-07-09 21:00:22 INFO  Log:25 - ###############################################
2023-07-09 21:00:22 INFO  Log:26 - ###############################################
2023-07-09 21:00:22 INFO  Log:27 - ################### This is my login test again ####################
2023-07-09 21:00:22 INFO  Log:28 - ###############################################
2023-07-09 21:00:22 INFO  Log:29 - ###############################################
2023-07-09 21:00:25 INFO  Log:17 - **********************************************
2023-07-09 21:00:25 INFO  Log:18 - **********************************************
2023-07-09 21:00:25 INFO  Log:19 - ################### My first test case is Login test ####################
2023-07-09 21:00:25 INFO  Log:20 - **********************************************
2023-07-09 21:00:25 INFO  Log:21 - **********************************************
2023-07-09 21:00:25 INFO  Log:35 - My login test is going on
2023-07-09 21:00:25 INFO  Log:39 - My test case might be failed
2023-07-09 21:00:37 INFO  Log:35 - My test case is about to complete
2023-07-09 21:00:37 INFO  Log:25 - ###############################################
2023-07-09 21:00:37 INFO  Log:26 - ###############################################
2023-07-09 21:00:37 INFO  Log:27 - ################### This is my login test again ####################
2023-07-09 21:00:37 INFO  Log:28 - ###############################################
2023-07-09 21:00:37 INFO  Log:29 - ###############################################
2023-07-09 21:00:40 INFO  Log:17 - **********************************************
2023-07-09 21:00:40 INFO  Log:18 - **********************************************
2023-07-09 21:00:40 INFO  Log:19 - ################### My first test case is Login test ####################
2023-07-09 21:00:40 INFO  Log:20 - **********************************************
2023-07-09 21:00:40 INFO  Log:21 - **********************************************
2023-07-09 21:00:40 INFO  Log:35 - My login test is going on
2023-07-09 21:00:40 INFO  Log:39 - My test case might be failed
2023-07-09 21:00:42 INFO  Log:35 - My test case is about to complete
2023-07-09 21:00:42 INFO  Log:25 - ###############################################
2023-07-09 21:00:42 INFO  Log:26 - ###############################################
2023-07-09 21:00:42 INFO  Log:27 - ################### This is my login test again ####################
2023-07-09 21:00:42 INFO  Log:28 - ###############################################
2023-07-09 21:00:42 INFO  Log:29 - ###############################################
2023-07-09 21:00:45 INFO  Log:17 - **********************************************
2023-07-09 21:00:45 INFO  Log:18 - **********************************************
2023-07-09 21:00:45 INFO  Log:19 - ################### My first test case is Login test ####################
2023-07-09 21:00:45 INFO  Log:20 - **********************************************
2023-07-09 21:00:45 INFO  Log:21 - **********************************************
2023-07-09 21:00:45 INFO  Log:35 - My login test is going on
2023-07-09 21:00:45 INFO  Log:39 - My test case might be failed
2023-07-09 21:01:06 INFO  Log:35 - My test case is about to complete
2023-07-09 21:01:06 INFO  Log:25 - ###############################################
2023-07-09 21:01:06 INFO  Log:26 - ###############################################
2023-07-09 21:01:06 INFO  Log:27 - ################### This is my login test again ####################
2023-07-09 21:01:06 INFO  Log:28 - ###############################################
2023-07-09 21:01:06 INFO  Log:29 - ###############################################
2023-07-09 21:01:08 INFO  Log:17 - **********************************************
2023-07-09 21:01:08 INFO  Log:18 - **********************************************
2023-07-09 21:01:08 INFO  Log:19 - ################### My first test case is Login test ####################
2023-07-09 21:01:08 INFO  Log:20 - **********************************************
2023-07-09 21:01:08 INFO  Log:21 - **********************************************
2023-07-09 21:01:08 INFO  Log:35 - My login test is going on
2023-07-09 21:01:08 INFO  Log:39 - My test case might be failed
2023-07-09 21:01:31 INFO  Log:35 - My test case is about to complete
2023-07-09 21:01:31 INFO  Log:25 - ###############################################
2023-07-09 21:01:31 INFO  Log:26 - ###############################################
2023-07-09 21:01:31 INFO  Log:27 - ################### This is my login test again ####################
2023-07-09 21:01:31 INFO  Log:28 - ###############################################
2023-07-09 21:01:31 INFO  Log:29 - ###############################################
2023-07-09 21:01:33 INFO  Log:17 - **********************************************
2023-07-09 21:01:33 INFO  Log:18 - **********************************************
2023-07-09 21:01:33 INFO  Log:19 - ################### My first test case is Login test ####################
2023-07-09 21:01:33 INFO  Log:20 - **********************************************
2023-07-09 21:01:33 INFO  Log:21 - **********************************************
2023-07-09 21:01:33 INFO  Log:35 - My login test is going on
2023-07-09 21:01:33 INFO  Log:39 - My test case might be failed
2023-07-09 21:01:36 INFO  Log:35 - My test case is about to complete
2023-07-09 21:01:36 INFO  Log:25 - ###############################################
2023-07-09 21:01:36 INFO  Log:26 - ###############################################
2023-07-09 21:01:36 INFO  Log:27 - ################### This is my login test again ####################
2023-07-09 21:01:36 INFO  Log:28 - ###############################################
2023-07-09 21:01:36 INFO  Log:29 - ###############################################
2023-07-09 21:01:39 INFO  Log:17 - **********************************************
2023-07-09 21:01:39 INFO  Log:18 - **********************************************
2023-07-09 21:01:39 INFO  Log:19 - ################### My first test case is Login test ####################
2023-07-09 21:01:39 INFO  Log:20 - **********************************************
2023-07-09 21:01:39 INFO  Log:21 - **********************************************
2023-07-09 21:01:39 INFO  Log:35 - My login test is going on
2023-07-09 21:01:39 INFO  Log:39 - My test case might be failed
2023-07-09 21:01:41 INFO  Log:35 - My test case is about to complete
2023-07-09 21:01:41 INFO  Log:25 - ###############################################
2023-07-09 21:01:41 INFO  Log:26 - ###############################################
2023-07-09 21:01:41 INFO  Log:27 - ################### This is my login test again ####################
2023-07-09 21:01:41 INFO  Log:28 - ###############################################
2023-07-09 21:01:41 INFO  Log:29 - ###############################################
2023-07-09 21:01:43 INFO  Log:17 - **********************************************
2023-07-09 21:01:43 INFO  Log:18 - **********************************************
2023-07-09 21:01:43 INFO  Log:19 - ################### My first test case is Login test ####################
2023-07-09 21:01:43 INFO  Log:20 - **********************************************
2023-07-09 21:01:43 INFO  Log:21 - **********************************************
2023-07-09 21:01:43 INFO  Log:35 - My login test is going on
2023-07-09 21:01:43 INFO  Log:39 - My test case might be failed
2023-07-09 21:01:44 INFO  Log:35 - My test case is about to complete
2023-07-09 21:01:44 INFO  Log:25 - ###############################################
2023-07-09 21:01:44 INFO  Log:26 - ###############################################
2023-07-09 21:01:44 INFO  Log:27 - ################### This is my login test again ####################
2023-07-09 21:01:44 INFO  Log:28 - ###############################################
2023-07-09 21:01:44 INFO  Log:29 - ###############################################
2023-07-09 21:01:47 INFO  Log:17 - **********************************************
2023-07-09 21:01:47 INFO  Log:18 - **********************************************
2023-07-09 21:01:47 INFO  Log:19 - ################### My first test case is Login test ####################
2023-07-09 21:01:47 INFO  Log:20 - **********************************************
2023-07-09 21:01:47 INFO  Log:21 - **********************************************
2023-07-09 21:01:47 INFO  Log:35 - My login test is going on
2023-07-09 21:01:47 INFO  Log:39 - My test case might be failed
2023-07-09 21:01:48 INFO  Log:35 - My test case is about to complete
2023-07-09 21:01:48 INFO  Log:25 - ###############################################
2023-07-09 21:01:48 INFO  Log:26 - ###############################################
2023-07-09 21:01:48 INFO  Log:27 - ################### This is my login test again ####################
2023-07-09 21:01:48 INFO  Log:28 - ###############################################
2023-07-09 21:01:48 INFO  Log:29 - ###############################################
2023-07-09 21:01:51 INFO  Log:17 - **********************************************
2023-07-09 21:01:51 INFO  Log:18 - **********************************************
2023-07-09 21:01:51 INFO  Log:19 - ################### My first test case is Login test ####################
2023-07-09 21:01:51 INFO  Log:20 - **********************************************
2023-07-09 21:01:51 INFO  Log:21 - **********************************************
2023-07-09 21:01:51 INFO  Log:35 - My login test is going on
2023-07-09 21:01:51 INFO  Log:39 - My test case might be failed
2023-07-09 21:01:52 INFO  Log:35 - My test case is about to complete
2023-07-09 21:01:52 INFO  Log:25 - ###############################################
2023-07-09 21:01:52 INFO  Log:26 - ###############################################
2023-07-09 21:01:52 INFO  Log:27 - ################### This is my login test again ####################
2023-07-09 21:01:52 INFO  Log:28 - ###############################################
2023-07-09 21:01:52 INFO  Log:29 - ###############################################
2023-07-09 21:01:54 INFO  Log:17 - **********************************************
2023-07-09 21:01:54 INFO  Log:18 - **********************************************
2023-07-09 21:01:54 INFO  Log:19 - ################### My first test case is Login test ####################
2023-07-09 21:01:54 INFO  Log:20 - **********************************************
2023-07-09 21:01:54 INFO  Log:21 - **********************************************
2023-07-09 21:01:54 INFO  Log:35 - My login test is going on
2023-07-09 21:01:54 INFO  Log:39 - My test case might be failed
2023-07-09 21:01:55 INFO  Log:35 - My test case is about to complete
2023-07-09 21:01:55 INFO  Log:25 - ###############################################
2023-07-09 21:01:55 INFO  Log:26 - ###############################################
2023-07-09 21:01:55 INFO  Log:27 - ################### This is my login test again ####################
2023-07-09 21:01:55 INFO  Log:28 - ###############################################
2023-07-09 21:01:55 INFO  Log:29 - ###############################################
2023-07-09 21:01:58 INFO  Log:17 - **********************************************
2023-07-09 21:01:58 INFO  Log:18 - **********************************************
2023-07-09 21:01:58 INFO  Log:19 - ################### My first test case is Login test ####################
2023-07-09 21:01:58 INFO  Log:20 - **********************************************
2023-07-09 21:01:58 INFO  Log:21 - **********************************************
2023-07-09 21:01:58 INFO  Log:35 - My login test is going on
2023-07-09 21:01:58 INFO  Log:39 - My test case might be failed
2023-07-09 21:01:59 INFO  Log:35 - My test case is about to complete
2023-07-09 21:01:59 INFO  Log:25 - ###############################################
2023-07-09 21:01:59 INFO  Log:26 - ###############################################
2023-07-09 21:01:59 INFO  Log:27 - ################### This is my login test again ####################
2023-07-09 21:01:59 INFO  Log:28 - ###############################################
2023-07-09 21:01:59 INFO  Log:29 - ###############################################
2023-07-09 21:09:06 INFO  Log:17 - **********************************************
2023-07-09 21:09:06 INFO  Log:18 - **********************************************
2023-07-09 21:09:06 INFO  Log:19 - ################### My first test case is Login test ####################
2023-07-09 21:09:06 INFO  Log:20 - **********************************************
2023-07-09 21:09:06 INFO  Log:21 - **********************************************
2023-07-09 21:09:06 INFO  Log:35 - My login test is going on
2023-07-09 21:09:06 INFO  Log:39 - My test case might be failed
2023-07-09 21:09:19 INFO  Log:35 - My test case is about to complete
2023-07-09 21:09:19 INFO  Log:25 - ###############################################
2023-07-09 21:09:19 INFO  Log:26 - ###############################################
2023-07-09 21:09:19 INFO  Log:27 - ################### This is my login test again ####################
2023-07-09 21:09:19 INFO  Log:28 - ###############################################
2023-07-09 21:09:19 INFO  Log:29 - ###############################################
2023-07-09 21:12:04 INFO  Log:17 - **********************************************
2023-07-09 21:12:04 INFO  Log:18 - **********************************************
2023-07-09 21:12:04 INFO  Log:19 - ################### My first test case is Login test ####################
2023-07-09 21:12:04 INFO  Log:20 - **********************************************
2023-07-09 21:12:04 INFO  Log:21 - **********************************************
2023-07-09 21:12:04 INFO  Log:35 - My login test is going on
2023-07-09 21:12:04 INFO  Log:39 - My test case might be failed
2023-07-09 21:12:17 INFO  Log:35 - My test case is about to complete
2023-07-09 21:12:17 INFO  Log:25 - ###############################################
2023-07-09 21:12:17 INFO  Log:26 - ###############################################
2023-07-09 21:12:17 INFO  Log:27 - ################### This is my login test again ####################
2023-07-09 21:12:17 INFO  Log:28 - ###############################################
2023-07-09 21:12:17 INFO  Log:29 - ###############################################
2023-07-09 21:15:13 INFO  Log:17 - **********************************************
2023-07-09 21:15:13 INFO  Log:18 - **********************************************
2023-07-09 21:15:13 INFO  Log:19 - ################### My first test case is Login test ####################
2023-07-09 21:15:13 INFO  Log:20 - **********************************************
2023-07-09 21:15:13 INFO  Log:21 - **********************************************
2023-07-09 21:15:13 INFO  Log:35 - My login test is going on
2023-07-09 21:15:13 INFO  Log:39 - My test case might be failed
2023-07-09 21:15:26 INFO  Log:35 - My test case is about to complete
2023-07-09 21:15:26 INFO  Log:25 - ###############################################
2023-07-09 21:15:26 INFO  Log:26 - ###############################################
2023-07-09 21:15:26 INFO  Log:27 - ################### This is my login test again ####################
2023-07-09 21:15:26 INFO  Log:28 - ###############################################
2023-07-09 21:15:26 INFO  Log:29 - ###############################################
2023-07-09 21:18:11 INFO  Log:17 - **********************************************
2023-07-09 21:18:11 INFO  Log:18 - **********************************************
2023-07-09 21:18:11 INFO  Log:19 - ################### My first test case is Login test ####################
2023-07-09 21:18:11 INFO  Log:20 - **********************************************
2023-07-09 21:18:11 INFO  Log:21 - **********************************************
2023-07-09 21:18:11 INFO  Log:35 - My login test is going on
2023-07-09 21:18:11 INFO  Log:39 - My test case might be failed
2023-07-09 21:18:24 INFO  Log:35 - My test case is about to complete
2023-07-09 21:18:24 INFO  Log:25 - ###############################################
2023-07-09 21:18:24 INFO  Log:26 - ###############################################
2023-07-09 21:18:24 INFO  Log:27 - ################### This is my login test again ####################
2023-07-09 21:18:24 INFO  Log:28 - ###############################################
2023-07-09 21:18:24 INFO  Log:29 - ###############################################
2023-07-09 21:29:06 INFO  Log:17 - **********************************************
2023-07-09 21:29:06 INFO  Log:18 - **********************************************
2023-07-09 21:29:06 INFO  Log:19 - ################### My first test case is Login test ####################
2023-07-09 21:29:06 INFO  Log:20 - **********************************************
2023-07-09 21:29:06 INFO  Log:21 - **********************************************
2023-07-09 21:29:06 INFO  Log:35 - My login test is going on
2023-07-09 21:29:06 INFO  Log:39 - My test case might be failed
2023-07-09 21:29:19 INFO  Log:35 - My test case is about to complete
2023-07-09 21:29:19 INFO  Log:25 - ###############################################
2023-07-09 21:29:19 INFO  Log:26 - ###############################################
2023-07-09 21:29:19 INFO  Log:27 - ################### This is my login test again ####################
2023-07-09 21:29:19 INFO  Log:28 - ###############################################
2023-07-09 21:29:19 INFO  Log:29 - ###############################################
2023-07-09 21:45:49 INFO  Log:17 - **********************************************
2023-07-09 21:45:49 INFO  Log:18 - **********************************************
2023-07-09 21:45:49 INFO  Log:19 - ################### My first test case is Login test ####################
2023-07-09 21:45:49 INFO  Log:20 - **********************************************
2023-07-09 21:45:49 INFO  Log:21 - **********************************************
2023-07-09 21:45:49 INFO  Log:35 - My login test is going on
2023-07-09 21:45:49 INFO  Log:39 - My test case might be failed
2023-07-09 21:46:23 INFO  Log:35 - My test case is about to complete
2023-07-09 21:46:23 INFO  Log:25 - ###############################################
2023-07-09 21:46:23 INFO  Log:26 - ###############################################
2023-07-09 21:46:23 INFO  Log:27 - ################### This is my login test again ####################
2023-07-09 21:46:23 INFO  Log:28 - ###############################################
2023-07-09 21:46:23 INFO  Log:29 - ###############################################
2023-07-09 21:49:02 INFO  Log:17 - **********************************************
2023-07-09 21:49:02 INFO  Log:18 - **********************************************
2023-07-09 21:49:02 INFO  Log:19 - ################### My first test case is Login test ####################
2023-07-09 21:49:02 INFO  Log:20 - **********************************************
2023-07-09 21:49:02 INFO  Log:21 - **********************************************
2023-07-09 21:49:02 INFO  Log:35 - My login test is going on
2023-07-09 21:49:02 INFO  Log:39 - My test case might be failed
2023-07-09 21:49:16 INFO  Log:35 - My test case is about to complete
2023-07-09 21:49:16 INFO  Log:25 - ###############################################
2023-07-09 21:49:16 INFO  Log:26 - ###############################################
2023-07-09 21:49:16 INFO  Log:27 - ################### This is my login test again ####################
2023-07-09 21:49:16 INFO  Log:28 - ###############################################
2023-07-09 21:49:16 INFO  Log:29 - ###############################################
2023-07-09 21:49:19 INFO  Log:17 - **********************************************
2023-07-09 21:49:19 INFO  Log:18 - **********************************************
2023-07-09 21:49:19 INFO  Log:19 - ################### My first test case is Login test ####################
2023-07-09 21:49:19 INFO  Log:20 - **********************************************
2023-07-09 21:49:19 INFO  Log:21 - **********************************************
2023-07-09 21:49:19 INFO  Log:35 - My login test is going on
2023-07-09 21:49:19 INFO  Log:39 - My test case might be failed
2023-07-09 21:49:34 INFO  Log:35 - My test case is about to complete
2023-07-09 21:49:34 INFO  Log:25 - ###############################################
2023-07-09 21:49:34 INFO  Log:26 - ###############################################
2023-07-09 21:49:34 INFO  Log:27 - ################### This is my login test again ####################
2023-07-09 21:49:34 INFO  Log:28 - ###############################################
2023-07-09 21:49:34 INFO  Log:29 - ###############################################
2023-07-09 21:49:37 INFO  Log:17 - **********************************************
2023-07-09 21:49:37 INFO  Log:18 - **********************************************
2023-07-09 21:49:37 INFO  Log:19 - ################### My first test case is Login test ####################
2023-07-09 21:49:37 INFO  Log:20 - **********************************************
2023-07-09 21:49:37 INFO  Log:21 - **********************************************
2023-07-09 21:49:37 INFO  Log:35 - My login test is going on
2023-07-09 21:49:37 INFO  Log:39 - My test case might be failed
2023-07-09 21:49:52 INFO  Log:35 - My test case is about to complete
2023-07-09 21:49:52 INFO  Log:25 - ###############################################
2023-07-09 21:49:52 INFO  Log:26 - ###############################################
2023-07-09 21:49:52 INFO  Log:27 - ################### This is my login test again ####################
2023-07-09 21:49:52 INFO  Log:28 - ###############################################
2023-07-09 21:49:52 INFO  Log:29 - ###############################################
2023-07-09 21:49:55 INFO  Log:17 - **********************************************
2023-07-09 21:49:55 INFO  Log:18 - **********************************************
2023-07-09 21:49:55 INFO  Log:19 - ################### My first test case is Login test ####################
2023-07-09 21:49:55 INFO  Log:20 - **********************************************
2023-07-09 21:49:55 INFO  Log:21 - **********************************************
2023-07-09 21:49:55 INFO  Log:35 - My login test is going on
2023-07-09 21:49:55 INFO  Log:39 - My test case might be failed
2023-07-09 21:50:10 INFO  Log:35 - My test case is about to complete
2023-07-09 21:50:10 INFO  Log:25 - ###############################################
2023-07-09 21:50:10 INFO  Log:26 - ###############################################
2023-07-09 21:50:10 INFO  Log:27 - ################### This is my login test again ####################
2023-07-09 21:50:10 INFO  Log:28 - ###############################################
2023-07-09 21:50:10 INFO  Log:29 - ###############################################
2023-07-09 21:50:13 INFO  Log:17 - **********************************************
2023-07-09 21:50:13 INFO  Log:18 - **********************************************
2023-07-09 21:50:13 INFO  Log:19 - ################### My first test case is Login test ####################
2023-07-09 21:50:13 INFO  Log:20 - **********************************************
2023-07-09 21:50:13 INFO  Log:21 - **********************************************
2023-07-09 21:50:13 INFO  Log:35 - My login test is going on
2023-07-09 21:50:13 INFO  Log:39 - My test case might be failed
2023-07-09 21:50:28 INFO  Log:35 - My test case is about to complete
2023-07-09 21:50:28 INFO  Log:25 - ###############################################
2023-07-09 21:50:28 INFO  Log:26 - ###############################################
2023-07-09 21:50:28 INFO  Log:27 - ################### This is my login test again ####################
2023-07-09 21:50:28 INFO  Log:28 - ###############################################
2023-07-09 21:50:28 INFO  Log:29 - ###############################################
2023-07-09 21:50:30 INFO  Log:17 - **********************************************
2023-07-09 21:50:30 INFO  Log:18 - **********************************************
2023-07-09 21:50:30 INFO  Log:19 - ################### My first test case is Login test ####################
2023-07-09 21:50:30 INFO  Log:20 - **********************************************
2023-07-09 21:50:30 INFO  Log:21 - **********************************************
2023-07-09 21:50:30 INFO  Log:35 - My login test is going on
2023-07-09 21:50:30 INFO  Log:39 - My test case might be failed
2023-07-09 21:51:04 INFO  Log:35 - My test case is about to complete
2023-07-09 21:51:04 INFO  Log:25 - ###############################################
2023-07-09 21:51:04 INFO  Log:26 - ###############################################
2023-07-09 21:51:04 INFO  Log:27 - ################### This is my login test again ####################
2023-07-09 21:51:04 INFO  Log:28 - ###############################################
2023-07-09 21:51:04 INFO  Log:29 - ###############################################
2023-07-09 21:51:07 INFO  Log:17 - **********************************************
2023-07-09 21:51:07 INFO  Log:18 - **********************************************
2023-07-09 21:51:07 INFO  Log:19 - ################### My first test case is Login test ####################
2023-07-09 21:51:07 INFO  Log:20 - **********************************************
2023-07-09 21:51:07 INFO  Log:21 - **********************************************
2023-07-09 21:51:07 INFO  Log:35 - My login test is going on
2023-07-09 21:51:07 INFO  Log:39 - My test case might be failed
2023-07-09 21:51:41 INFO  Log:35 - My test case is about to complete
2023-07-09 21:51:41 INFO  Log:25 - ###############################################
2023-07-09 21:51:41 INFO  Log:26 - ###############################################
2023-07-09 21:51:41 INFO  Log:27 - ################### This is my login test again ####################
2023-07-09 21:51:41 INFO  Log:28 - ###############################################
2023-07-09 21:51:41 INFO  Log:29 - ###############################################
2023-07-09 21:51:43 INFO  Log:17 - **********************************************
2023-07-09 21:51:43 INFO  Log:18 - **********************************************
2023-07-09 21:51:43 INFO  Log:19 - ################### My first test case is Login test ####################
2023-07-09 21:51:43 INFO  Log:20 - **********************************************
2023-07-09 21:51:43 INFO  Log:21 - **********************************************
2023-07-09 21:51:43 INFO  Log:35 - My login test is going on
2023-07-09 21:51:43 INFO  Log:39 - My test case might be failed
2023-07-09 21:51:46 INFO  Log:35 - My test case is about to complete
2023-07-09 21:51:46 INFO  Log:25 - ###############################################
2023-07-09 21:51:46 INFO  Log:26 - ###############################################
2023-07-09 21:51:46 INFO  Log:27 - ################### This is my login test again ####################
2023-07-09 21:51:46 INFO  Log:28 - ###############################################
2023-07-09 21:51:46 INFO  Log:29 - ###############################################
2023-07-09 21:51:48 INFO  Log:17 - **********************************************
2023-07-09 21:51:48 INFO  Log:18 - **********************************************
2023-07-09 21:51:48 INFO  Log:19 - ################### My first test case is Login test ####################
2023-07-09 21:51:48 INFO  Log:20 - **********************************************
2023-07-09 21:51:48 INFO  Log:21 - **********************************************
2023-07-09 21:51:48 INFO  Log:35 - My login test is going on
2023-07-09 21:51:48 INFO  Log:39 - My test case might be failed
2023-07-09 21:52:10 INFO  Log:35 - My test case is about to complete
2023-07-09 21:52:10 INFO  Log:25 - ###############################################
2023-07-09 21:52:10 INFO  Log:26 - ###############################################
2023-07-09 21:52:10 INFO  Log:27 - ################### This is my login test again ####################
2023-07-09 21:52:10 INFO  Log:28 - ###############################################
2023-07-09 21:52:10 INFO  Log:29 - ###############################################
2023-07-09 21:52:13 INFO  Log:17 - **********************************************
2023-07-09 21:52:13 INFO  Log:18 - **********************************************
2023-07-09 21:52:13 INFO  Log:19 - ################### My first test case is Login test ####################
2023-07-09 21:52:13 INFO  Log:20 - **********************************************
2023-07-09 21:52:13 INFO  Log:21 - **********************************************
2023-07-09 21:52:13 INFO  Log:35 - My login test is going on
2023-07-09 21:52:13 INFO  Log:39 - My test case might be failed
2023-07-09 21:52:36 INFO  Log:35 - My test case is about to complete
2023-07-09 21:52:36 INFO  Log:25 - ###############################################
2023-07-09 21:52:36 INFO  Log:26 - ###############################################
2023-07-09 21:52:36 INFO  Log:27 - ################### This is my login test again ####################
2023-07-09 21:52:36 INFO  Log:28 - ###############################################
2023-07-09 21:52:36 INFO  Log:29 - ###############################################
2023-07-09 21:52:38 INFO  Log:17 - **********************************************
2023-07-09 21:52:38 INFO  Log:18 - **********************************************
2023-07-09 21:52:38 INFO  Log:19 - ################### My first test case is Login test ####################
2023-07-09 21:52:38 INFO  Log:20 - **********************************************
2023-07-09 21:52:38 INFO  Log:21 - **********************************************
2023-07-09 21:52:38 INFO  Log:35 - My login test is going on
2023-07-09 21:52:38 INFO  Log:39 - My test case might be failed
2023-07-09 21:52:41 INFO  Log:35 - My test case is about to complete
2023-07-09 21:52:41 INFO  Log:25 - ###############################################
2023-07-09 21:52:41 INFO  Log:26 - ###############################################
2023-07-09 21:52:41 INFO  Log:27 - ################### This is my login test again ####################
2023-07-09 21:52:41 INFO  Log:28 - ###############################################
2023-07-09 21:52:41 INFO  Log:29 - ###############################################
2023-07-09 21:52:43 INFO  Log:17 - **********************************************
2023-07-09 21:52:43 INFO  Log:18 - **********************************************
2023-07-09 21:52:43 INFO  Log:19 - ################### My first test case is Login test ####################
2023-07-09 21:52:43 INFO  Log:20 - **********************************************
2023-07-09 21:52:43 INFO  Log:21 - **********************************************
2023-07-09 21:52:43 INFO  Log:35 - My login test is going on
2023-07-09 21:52:43 INFO  Log:39 - My test case might be failed
2023-07-09 21:52:45 INFO  Log:35 - My test case is about to complete
2023-07-09 21:52:45 INFO  Log:25 - ###############################################
2023-07-09 21:52:45 INFO  Log:26 - ###############################################
2023-07-09 21:52:45 INFO  Log:27 - ################### This is my login test again ####################
2023-07-09 21:52:45 INFO  Log:28 - ###############################################
2023-07-09 21:52:45 INFO  Log:29 - ###############################################
2023-07-09 21:52:48 INFO  Log:17 - **********************************************
2023-07-09 21:52:48 INFO  Log:18 - **********************************************
2023-07-09 21:52:48 INFO  Log:19 - ################### My first test case is Login test ####################
2023-07-09 21:52:48 INFO  Log:20 - **********************************************
2023-07-09 21:52:48 INFO  Log:21 - **********************************************
2023-07-09 21:52:48 INFO  Log:35 - My login test is going on
2023-07-09 21:52:48 INFO  Log:39 - My test case might be failed
2023-07-09 21:52:49 INFO  Log:35 - My test case is about to complete
2023-07-09 21:52:49 INFO  Log:25 - ###############################################
2023-07-09 21:52:49 INFO  Log:26 - ###############################################
2023-07-09 21:52:49 INFO  Log:27 - ################### This is my login test again ####################
2023-07-09 21:52:49 INFO  Log:28 - ###############################################
2023-07-09 21:52:49 INFO  Log:29 - ###############################################
2023-07-09 21:52:51 INFO  Log:17 - **********************************************
2023-07-09 21:52:51 INFO  Log:18 - **********************************************
2023-07-09 21:52:51 INFO  Log:19 - ################### My first test case is Login test ####################
2023-07-09 21:52:51 INFO  Log:20 - **********************************************
2023-07-09 21:52:51 INFO  Log:21 - **********************************************
2023-07-09 21:52:51 INFO  Log:35 - My login test is going on
2023-07-09 21:52:51 INFO  Log:39 - My test case might be failed
2023-07-09 21:52:53 INFO  Log:35 - My test case is about to complete
2023-07-09 21:52:53 INFO  Log:25 - ###############################################
2023-07-09 21:52:53 INFO  Log:26 - ###############################################
2023-07-09 21:52:53 INFO  Log:27 - ################### This is my login test again ####################
2023-07-09 21:52:53 INFO  Log:28 - ###############################################
2023-07-09 21:52:53 INFO  Log:29 - ###############################################
2023-07-09 21:52:55 INFO  Log:17 - **********************************************
2023-07-09 21:52:55 INFO  Log:18 - **********************************************
2023-07-09 21:52:55 INFO  Log:19 - ################### My first test case is Login test ####################
2023-07-09 21:52:55 INFO  Log:20 - **********************************************
2023-07-09 21:52:55 INFO  Log:21 - **********************************************
2023-07-09 21:52:55 INFO  Log:35 - My login test is going on
2023-07-09 21:52:55 INFO  Log:39 - My test case might be failed
2023-07-09 21:52:56 INFO  Log:35 - My test case is about to complete
2023-07-09 21:52:56 INFO  Log:25 - ###############################################
2023-07-09 21:52:56 INFO  Log:26 - ###############################################
2023-07-09 21:52:56 INFO  Log:27 - ################### This is my login test again ####################
2023-07-09 21:52:56 INFO  Log:28 - ###############################################
2023-07-09 21:52:56 INFO  Log:29 - ###############################################
2023-07-09 21:52:59 INFO  Log:17 - **********************************************
2023-07-09 21:52:59 INFO  Log:18 - **********************************************
2023-07-09 21:52:59 INFO  Log:19 - ################### My first test case is Login test ####################
2023-07-09 21:52:59 INFO  Log:20 - **********************************************
2023-07-09 21:52:59 INFO  Log:21 - **********************************************
2023-07-09 21:52:59 INFO  Log:35 - My login test is going on
2023-07-09 21:52:59 INFO  Log:39 - My test case might be failed
2023-07-09 21:52:59 INFO  Log:35 - My test case is about to complete
2023-07-09 21:52:59 INFO  Log:25 - ###############################################
2023-07-09 21:52:59 INFO  Log:26 - ###############################################
2023-07-09 21:52:59 INFO  Log:27 - ################### This is my login test again ####################
2023-07-09 21:52:59 INFO  Log:28 - ###############################################
2023-07-09 21:52:59 INFO  Log:29 - ###############################################
2023-07-09 21:53:02 INFO  Log:17 - **********************************************
2023-07-09 21:53:02 INFO  Log:18 - **********************************************
2023-07-09 21:53:02 INFO  Log:19 - ################### My first test case is Login test ####################
2023-07-09 21:53:02 INFO  Log:20 - **********************************************
2023-07-09 21:53:02 INFO  Log:21 - **********************************************
2023-07-09 21:53:02 INFO  Log:35 - My login test is going on
2023-07-09 21:53:02 INFO  Log:39 - My test case might be failed
2023-07-09 21:53:03 INFO  Log:35 - My test case is about to complete
2023-07-09 21:53:03 INFO  Log:25 - ###############################################
2023-07-09 21:53:03 INFO  Log:26 - ###############################################
2023-07-09 21:53:03 INFO  Log:27 - ################### This is my login test again ####################
2023-07-09 21:53:03 INFO  Log:28 - ###############################################
2023-07-09 21:53:03 INFO  Log:29 - ###############################################
2023-07-10 00:45:48 INFO  Log:17 - **********************************************
2023-07-10 00:45:48 INFO  Log:18 - **********************************************
2023-07-10 00:45:48 INFO  Log:19 - ################### My first test case is Login test ####################
2023-07-10 00:45:48 INFO  Log:20 - **********************************************
2023-07-10 00:45:48 INFO  Log:21 - **********************************************
2023-07-10 00:45:48 INFO  Log:35 - My login test is going on
2023-07-10 00:45:48 INFO  Log:39 - My test case might be failed
2023-07-10 00:45:50 INFO  Log:35 - My test case is about to complete
2023-07-10 00:45:50 INFO  Log:25 - ###############################################
2023-07-10 00:45:50 INFO  Log:26 - ###############################################
2023-07-10 00:45:50 INFO  Log:27 - ################### This is my login test again ####################
2023-07-10 00:45:50 INFO  Log:28 - ###############################################
2023-07-10 00:45:50 INFO  Log:29 - ###############################################
2023-07-10 02:14:26 INFO  Log:17 - **********************************************
2023-07-10 02:14:26 INFO  Log:18 - **********************************************
2023-07-10 02:14:26 INFO  Log:19 - ################### My first test case is Login test ####################
2023-07-10 02:14:26 INFO  Log:20 - **********************************************
2023-07-10 02:14:26 INFO  Log:21 - **********************************************
2023-07-10 02:14:26 INFO  Log:35 - My login test is going on
2023-07-10 02:14:26 INFO  Log:39 - My test case might be failed
2023-07-10 02:14:28 INFO  Log:35 - My test case is about to complete
2023-07-10 02:14:28 INFO  Log:25 - ###############################################
2023-07-10 02:14:28 INFO  Log:26 - ###############################################
2023-07-10 02:14:28 INFO  Log:27 - ################### This is my login test again ####################
2023-07-10 02:14:28 INFO  Log:28 - ###############################################
2023-07-10 02:14:28 INFO  Log:29 - ###############################################
2023-07-10 02:19:11 INFO  Log:17 - **********************************************
2023-07-10 02:19:11 INFO  Log:18 - **********************************************
2023-07-10 02:19:11 INFO  Log:19 - ################### My first test case is Login test ####################
2023-07-10 02:19:11 INFO  Log:20 - **********************************************
2023-07-10 02:19:11 INFO  Log:21 - **********************************************
2023-07-10 02:19:11 INFO  Log:35 - My login test is going on
2023-07-10 02:19:11 INFO  Log:39 - My test case might be failed
2023-07-10 02:19:14 INFO  Log:35 - My test case is about to complete
2023-07-10 02:19:14 INFO  Log:25 - ###############################################
2023-07-10 02:19:14 INFO  Log:26 - ###############################################
2023-07-10 02:19:14 INFO  Log:27 - ################### This is my login test again ####################
2023-07-10 02:19:14 INFO  Log:28 - ###############################################
2023-07-10 02:19:14 INFO  Log:29 - ###############################################
2023-07-10 16:55:54 INFO  Log:17 - **********************************************
2023-07-10 16:55:54 INFO  Log:18 - **********************************************
2023-07-10 16:55:54 INFO  Log:19 - ################### My first test case is Login test ####################
2023-07-10 16:55:54 INFO  Log:20 - **********************************************
2023-07-10 16:55:54 INFO  Log:21 - **********************************************
2023-07-10 16:55:54 INFO  Log:35 - My login test is going on
2023-07-10 16:55:54 INFO  Log:39 - My test case might be failed
2023-07-10 16:55:56 INFO  Log:35 - My test case is about to complete
2023-07-10 16:55:56 INFO  Log:25 - ###############################################
2023-07-10 16:55:56 INFO  Log:26 - ###############################################
2023-07-10 16:55:56 INFO  Log:27 - ################### This is my login test again ####################
2023-07-10 16:55:56 INFO  Log:28 - ###############################################
2023-07-10 16:55:56 INFO  Log:29 - ###############################################
2023-07-10 18:17:12 INFO  Log:17 - **********************************************
2023-07-10 18:17:12 INFO  Log:18 - **********************************************
2023-07-10 18:17:12 INFO  Log:19 - ################### My first test case is Login test ####################
2023-07-10 18:17:12 INFO  Log:20 - **********************************************
2023-07-10 18:17:12 INFO  Log:21 - **********************************************
2023-07-10 18:17:12 INFO  Log:35 - My login test is going on
2023-07-10 18:17:12 INFO  Log:39 - My test case might be failed
2023-07-10 18:17:15 INFO  Log:35 - My test case is about to complete
2023-07-10 18:17:15 INFO  Log:25 - ###############################################
2023-07-10 18:17:15 INFO  Log:26 - ###############################################
2023-07-10 18:17:15 INFO  Log:27 - ################### This is my login test again ####################
2023-07-10 18:17:15 INFO  Log:28 - ###############################################
2023-07-10 18:17:15 INFO  Log:29 - ###############################################
2023-07-10 18:18:41 INFO  Log:17 - **********************************************
2023-07-10 18:18:41 INFO  Log:18 - **********************************************
2023-07-10 18:18:41 INFO  Log:19 - ################### My first test case is Login test ####################
2023-07-10 18:18:41 INFO  Log:20 - **********************************************
2023-07-10 18:18:41 INFO  Log:21 - **********************************************
2023-07-10 18:18:41 INFO  Log:35 - My login test is going on
2023-07-10 18:18:41 INFO  Log:39 - My test case might be failed
2023-07-10 18:18:43 INFO  Log:35 - My test case is about to complete
2023-07-10 18:18:43 INFO  Log:25 - ###############################################
2023-07-10 18:18:43 INFO  Log:26 - ###############################################
2023-07-10 18:18:43 INFO  Log:27 - ################### This is my login test again ####################
2023-07-10 18:18:43 INFO  Log:28 - ###############################################
2023-07-10 18:18:43 INFO  Log:29 - ###############################################
2023-07-10 18:21:16 INFO  Log:17 - **********************************************
2023-07-10 18:21:16 INFO  Log:18 - **********************************************
2023-07-10 18:21:16 INFO  Log:19 - ################### My first test case is Login test ####################
2023-07-10 18:21:16 INFO  Log:20 - **********************************************
2023-07-10 18:21:16 INFO  Log:21 - **********************************************
2023-07-10 18:21:16 INFO  Log:35 - My login test is going on
2023-07-10 18:21:16 INFO  Log:39 - My test case might be failed
2023-07-10 18:21:19 INFO  Log:35 - My test case is about to complete
2023-07-10 18:21:19 INFO  Log:25 - ###############################################
2023-07-10 18:21:19 INFO  Log:26 - ###############################################
2023-07-10 18:21:19 INFO  Log:27 - ################### This is my login test again ####################
2023-07-10 18:21:19 INFO  Log:28 - ###############################################
2023-07-10 18:21:19 INFO  Log:29 - ###############################################
2023-07-10 18:27:25 INFO  Log:17 - **********************************************
2023-07-10 18:27:26 INFO  Log:18 - **********************************************
2023-07-10 18:27:26 INFO  Log:19 - ################### My first test case is Login test ####################
2023-07-10 18:27:26 INFO  Log:20 - **********************************************
2023-07-10 18:27:26 INFO  Log:21 - **********************************************
2023-07-10 18:27:26 INFO  Log:35 - My login test is going on
2023-07-10 18:27:26 INFO  Log:39 - My test case might be failed
2023-07-10 18:27:28 INFO  Log:35 - My test case is about to complete
2023-07-10 18:27:28 INFO  Log:25 - ###############################################
2023-07-10 18:27:28 INFO  Log:26 - ###############################################
2023-07-10 18:27:28 INFO  Log:27 - ################### This is my login test again ####################
2023-07-10 18:27:28 INFO  Log:28 - ###############################################
2023-07-10 18:27:28 INFO  Log:29 - ###############################################
2023-07-10 18:39:50 INFO  Log:17 - **********************************************
2023-07-10 18:39:50 INFO  Log:18 - **********************************************
2023-07-10 18:39:50 INFO  Log:19 - ################### My first test case is Login test ####################
2023-07-10 18:39:50 INFO  Log:20 - **********************************************
2023-07-10 18:39:50 INFO  Log:21 - **********************************************
2023-07-10 18:39:50 INFO  Log:35 - My login test is going on
2023-07-10 18:39:50 INFO  Log:39 - My test case might be failed
2023-07-10 18:39:52 INFO  Log:35 - My test case is about to complete
2023-07-10 18:39:52 INFO  Log:25 - ###############################################
2023-07-10 18:39:52 INFO  Log:26 - ###############################################
2023-07-10 18:39:52 INFO  Log:27 - ################### This is my login test again ####################
2023-07-10 18:39:52 INFO  Log:28 - ###############################################
2023-07-10 18:39:52 INFO  Log:29 - ###############################################
2023-07-10 18:41:11 INFO  Log:17 - **********************************************
2023-07-10 18:41:11 INFO  Log:18 - **********************************************
2023-07-10 18:41:11 INFO  Log:19 - ################### My first test case is Login test ####################
2023-07-10 18:41:11 INFO  Log:20 - **********************************************
2023-07-10 18:41:11 INFO  Log:21 - **********************************************
2023-07-10 18:41:11 INFO  Log:35 - My login test is going on
2023-07-10 18:41:11 INFO  Log:39 - My test case might be failed
2023-07-10 18:41:14 INFO  Log:35 - My test case is about to complete
2023-07-10 18:41:14 INFO  Log:25 - ###############################################
2023-07-10 18:41:14 INFO  Log:26 - ###############################################
2023-07-10 18:41:14 INFO  Log:27 - ################### This is my login test again ####################
2023-07-10 18:41:14 INFO  Log:28 - ###############################################
2023-07-10 18:41:14 INFO  Log:29 - ###############################################
